This file contains any messages produced by compilers while
running configure, to aid debugging if configure makes a mistake.

It was created by tstat configure 3.2.0, which was
generated by GNU Autoconf 2.69.  Invocation command line was

  $ ./configure 

## --------- ##
## Platform. ##
## --------- ##

hostname = mdtcp-serv
uname -m = x86_64
uname -r = 4.14.79+
uname -s = Linux
uname -v = #16 SMP Thu Jan 17 15:47:30 CET 2019

/usr/bin/uname -p = unknown
/bin/uname -X     = unknown

/bin/arch              = unknown
/usr/bin/arch -k       = unknown
/usr/convex/getsysinfo = unknown
/usr/bin/hostinfo      = unknown
/bin/machine           = unknown
/usr/bin/oslevel       = unknown
/bin/universe          = unknown

PATH: /home/doljira/bin
PATH: /home/doljira/.local/bin
PATH: /usr/local/sbin
PATH: /usr/local/bin
PATH: /usr/sbin
PATH: /usr/bin
PATH: /sbin
PATH: /bin
PATH: /usr/games
PATH: /usr/local/games
PATH: /snap/bin
PATH: /home/doljira/workspace/ns-allinone-2.35/bin
PATH: /home/doljira/workspace/ns-allinone-2.35/tcl8.5.10/unix
PATH: /home/doljira/workspace/ns-allinone-2.35/tk8.5.10/unix
PATH: /home/doljira/workspace/ns-allinone-2.35/ns-2.35/
PATH: /home/doljira/workspace/ns-allinone-2.35/nam-1.15/


## ----------- ##
## Core tests. ##
## ----------- ##

configure:2616: checking for a BSD-compatible install
configure:2684: result: /usr/bin/install -c
configure:2695: checking whether build environment is sane
configure:2750: result: yes
configure:2901: checking for a thread-safe mkdir -p
configure:2940: result: /bin/mkdir -p
configure:2947: checking for gawk
configure:2963: found /usr/bin/gawk
configure:2974: result: gawk
configure:2985: checking whether make sets $(MAKE)
configure:3007: result: yes
configure:3036: checking whether make supports nested variables
configure:3053: result: yes
configure:3258: checking for gcc
configure:3274: found /usr/bin/gcc
configure:3285: result: gcc
configure:3514: checking for C compiler version
configure:3523: gcc --version >&5
gcc (Ubuntu 5.5.0-12ubuntu1~16.04) 5.5.0 20171010
Copyright (C) 2015 Free Software Foundation, Inc.
This is free software; see the source for copying conditions.  There is NO
warranty; not even for MERCHANTABILITY or FITNESS FOR A PARTICULAR PURPOSE.

configure:3534: $? = 0
configure:3523: gcc -v >&5
Using built-in specs.
COLLECT_GCC=gcc
COLLECT_LTO_WRAPPER=/usr/lib/gcc/x86_64-linux-gnu/5/lto-wrapper
Target: x86_64-linux-gnu
Configured with: ../src/configure -v --with-pkgversion='Ubuntu 5.5.0-12ubuntu1~16.04' --with-bugurl=file:///usr/share/doc/gcc-5/README.Bugs --enable-languages=c,ada,c++,java,go,d,fortran,objc,obj-c++ --prefix=/usr --program-suffix=-5 --enable-shared --enable-linker-build-id --libexecdir=/usr/lib --without-included-gettext --enable-threads=posix --libdir=/usr/lib --enable-nls --with-sysroot=/ --enable-clocale=gnu --enable-libstdcxx-debug --enable-libstdcxx-time=yes --with-default-libstdcxx-abi=new --enable-gnu-unique-object --disable-vtable-verify --enable-libmpx --enable-plugin --with-system-zlib --disable-browser-plugin --enable-java-awt=gtk --enable-gtk-cairo --with-java-home=/usr/lib/jvm/java-1.5.0-gcj-5-amd64/jre --enable-java-home --with-jvm-root-dir=/usr/lib/jvm/java-1.5.0-gcj-5-amd64 --with-jvm-jar-dir=/usr/lib/jvm-exports/java-1.5.0-gcj-5-amd64 --with-arch-directory=amd64 --with-ecj-jar=/usr/share/java/eclipse-ecj.jar --enable-objc-gc --enable-multiarch --disable-werror --with-arch-32=i686 --with-abi=m64 --with-multilib-list=m32,m64,mx32 --enable-multilib --with-tune=generic --enable-checking=release --build=x86_64-linux-gnu --host=x86_64-linux-gnu --target=x86_64-linux-gnu
Thread model: posix
gcc version 5.5.0 20171010 (Ubuntu 5.5.0-12ubuntu1~16.04) 
configure:3534: $? = 0
configure:3523: gcc -V >&5
gcc: error: unrecognized command line option '-V'
gcc: fatal error: no input files
compilation terminated.
configure:3534: $? = 1
configure:3523: gcc -qversion >&5
gcc: error: unrecognized command line option '-qversion'
gcc: fatal error: no input files
compilation terminated.
configure:3534: $? = 1
configure:3554: checking whether the C compiler works
configure:3576: gcc    conftest.c  >&5
configure:3580: $? = 0
configure:3628: result: yes
configure:3631: checking for C compiler default output file name
configure:3633: result: a.out
configure:3639: checking for suffix of executables
configure:3646: gcc -o conftest    conftest.c  >&5
configure:3650: $? = 0
configure:3672: result: 
configure:3694: checking whether we are cross compiling
configure:3702: gcc -o conftest    conftest.c  >&5
configure:3706: $? = 0
configure:3713: ./conftest
configure:3717: $? = 0
configure:3732: result: no
configure:3737: checking for suffix of object files
configure:3759: gcc -c   conftest.c >&5
configure:3763: $? = 0
configure:3784: result: o
configure:3788: checking whether we are using the GNU C compiler
configure:3807: gcc -c   conftest.c >&5
configure:3807: $? = 0
configure:3816: result: yes
configure:3825: checking whether gcc accepts -g
configure:3845: gcc -c -g  conftest.c >&5
configure:3845: $? = 0
configure:3886: result: yes
configure:3903: checking for gcc option to accept ISO C89
configure:3966: gcc  -c -g -O2  conftest.c >&5
configure:3966: $? = 0
configure:3979: result: none needed
configure:4004: checking whether gcc understands -c and -o together
configure:4026: gcc -c conftest.c -o conftest2.o
configure:4029: $? = 0
configure:4026: gcc -c conftest.c -o conftest2.o
configure:4029: $? = 0
configure:4041: result: yes
configure:4069: checking for style of include used by make
configure:4097: result: GNU
configure:4123: checking dependency style of gcc
configure:4234: result: gcc3
configure:4307: checking for g++
configure:4323: found /usr/bin/g++
configure:4334: result: g++
configure:4361: checking for C++ compiler version
configure:4370: g++ --version >&5
g++ (Ubuntu 5.5.0-12ubuntu1~16.04) 5.5.0 20171010
Copyright (C) 2015 Free Software Foundation, Inc.
This is free software; see the source for copying conditions.  There is NO
warranty; not even for MERCHANTABILITY or FITNESS FOR A PARTICULAR PURPOSE.

configure:4381: $? = 0
configure:4370: g++ -v >&5
Using built-in specs.
COLLECT_GCC=g++
COLLECT_LTO_WRAPPER=/usr/lib/gcc/x86_64-linux-gnu/5/lto-wrapper
Target: x86_64-linux-gnu
Configured with: ../src/configure -v --with-pkgversion='Ubuntu 5.5.0-12ubuntu1~16.04' --with-bugurl=file:///usr/share/doc/gcc-5/README.Bugs --enable-languages=c,ada,c++,java,go,d,fortran,objc,obj-c++ --prefix=/usr --program-suffix=-5 --enable-shared --enable-linker-build-id --libexecdir=/usr/lib --without-included-gettext --enable-threads=posix --libdir=/usr/lib --enable-nls --with-sysroot=/ --enable-clocale=gnu --enable-libstdcxx-debug --enable-libstdcxx-time=yes --with-default-libstdcxx-abi=new --enable-gnu-unique-object --disable-vtable-verify --enable-libmpx --enable-plugin --with-system-zlib --disable-browser-plugin --enable-java-awt=gtk --enable-gtk-cairo --with-java-home=/usr/lib/jvm/java-1.5.0-gcj-5-amd64/jre --enable-java-home --with-jvm-root-dir=/usr/lib/jvm/java-1.5.0-gcj-5-amd64 --with-jvm-jar-dir=/usr/lib/jvm-exports/java-1.5.0-gcj-5-amd64 --with-arch-directory=amd64 --with-ecj-jar=/usr/share/java/eclipse-ecj.jar --enable-objc-gc --enable-multiarch --disable-werror --with-arch-32=i686 --with-abi=m64 --with-multilib-list=m32,m64,mx32 --enable-multilib --with-tune=generic --enable-checking=release --build=x86_64-linux-gnu --host=x86_64-linux-gnu --target=x86_64-linux-gnu
Thread model: posix
gcc version 5.5.0 20171010 (Ubuntu 5.5.0-12ubuntu1~16.04) 
configure:4381: $? = 0
configure:4370: g++ -V >&5
g++: error: unrecognized command line option '-V'
g++: fatal error: no input files
compilation terminated.
configure:4381: $? = 1
configure:4370: g++ -qversion >&5
g++: error: unrecognized command line option '-qversion'
g++: fatal error: no input files
compilation terminated.
configure:4381: $? = 1
configure:4385: checking whether we are using the GNU C++ compiler
configure:4404: g++ -c   conftest.cpp >&5
configure:4404: $? = 0
configure:4413: result: yes
configure:4422: checking whether g++ accepts -g
configure:4442: g++ -c -g  conftest.cpp >&5
configure:4442: $? = 0
configure:4483: result: yes
configure:4508: checking dependency style of g++
configure:4619: result: gcc3
configure:4663: checking build system type
configure:4677: result: x86_64-pc-linux-gnu
configure:4697: checking host system type
configure:4710: result: x86_64-pc-linux-gnu
configure:4751: checking how to print strings
configure:4778: result: printf
configure:4799: checking for a sed that does not truncate output
configure:4863: result: /bin/sed
configure:4881: checking for grep that handles long lines and -e
configure:4939: result: /bin/grep
configure:4944: checking for egrep
configure:5006: result: /bin/grep -E
configure:5011: checking for fgrep
configure:5073: result: /bin/grep -F
configure:5108: checking for ld used by gcc
configure:5175: result: /usr/bin/ld
configure:5182: checking if the linker (/usr/bin/ld) is GNU ld
configure:5197: result: yes
configure:5209: checking for BSD- or MS-compatible name lister (nm)
configure:5263: result: /usr/bin/nm -B
configure:5393: checking the name lister (/usr/bin/nm -B) interface
configure:5400: gcc -c -g -O2  conftest.c >&5
configure:5403: /usr/bin/nm -B "conftest.o"
configure:5406: output
0000000000000000 B some_variable
configure:5413: result: BSD nm
configure:5416: checking whether ln -s works
configure:5420: result: yes
configure:5428: checking the maximum length of command line arguments
configure:5559: result: 1572864
configure:5607: checking how to convert x86_64-pc-linux-gnu file names to x86_64-pc-linux-gnu format
configure:5647: result: func_convert_file_noop
configure:5654: checking how to convert x86_64-pc-linux-gnu file names to toolchain format
configure:5674: result: func_convert_file_noop
configure:5681: checking for /usr/bin/ld option to reload object files
configure:5688: result: -r
configure:5762: checking for objdump
configure:5778: found /usr/bin/objdump
configure:5789: result: objdump
configure:5821: checking how to recognize dependent libraries
configure:6021: result: pass_all
configure:6106: checking for dlltool
configure:6136: result: no
configure:6166: checking how to associate runtime and link libraries
configure:6193: result: printf %s\n
configure:6254: checking for ar
configure:6270: found /usr/bin/ar
configure:6281: result: ar
configure:6318: checking for archiver @FILE support
configure:6335: gcc -c -g -O2  conftest.c >&5
configure:6335: $? = 0
configure:6338: ar cru libconftest.a @conftest.lst >&5
ar: `u' modifier ignored since `D' is the default (see `U')
configure:6341: $? = 0
configure:6346: ar cru libconftest.a @conftest.lst >&5
ar: `u' modifier ignored since `D' is the default (see `U')
ar: conftest.o: No such file or directory
configure:6349: $? = 1
configure:6361: result: @
configure:6419: checking for strip
configure:6435: found /usr/bin/strip
configure:6446: result: strip
configure:6518: checking for ranlib
configure:6534: found /usr/bin/ranlib
configure:6545: result: ranlib
configure:6647: checking command to parse /usr/bin/nm -B output from gcc object
configure:6800: gcc -c -g -O2  conftest.c >&5
configure:6803: $? = 0
configure:6807: /usr/bin/nm -B conftest.o \| sed -n -e 's/^.*[ ]\([ABCDGIRSTW][ABCDGIRSTW]*\)[ ][ ]*\([_A-Za-z][_A-Za-z0-9]*\)$/\1 \2 \2/p' | sed '/ __gnu_lto/d' \> conftest.nm
configure:6810: $? = 0
configure:6876: gcc -o conftest -g -O2   conftest.c conftstm.o >&5
configure:6879: $? = 0
configure:6917: result: ok
configure:6964: checking for sysroot
configure:6994: result: no
configure:7001: checking for a working dd
configure:7039: result: /bin/dd
configure:7043: checking how to truncate binary pipes
configure:7058: result: /bin/dd bs=4096 count=1
configure:7194: gcc -c -g -O2  conftest.c >&5
configure:7197: $? = 0
configure:7387: checking for mt
configure:7403: found /bin/mt
configure:7414: result: mt
configure:7437: checking if mt is a manifest tool
configure:7443: mt '-?'
configure:7451: result: no
configure:8128: checking how to run the C preprocessor
configure:8159: gcc -E  conftest.c
configure:8159: $? = 0
configure:8173: gcc -E  conftest.c
conftest.c:16:28: fatal error: ac_nonexistent.h: No such file or directory
compilation terminated.
configure:8173: $? = 1
configure: failed program was:
| /* confdefs.h */
| #define PACKAGE_NAME "tstat"
| #define PACKAGE_TARNAME "tstat"
| #define PACKAGE_VERSION "3.2.0"
| #define PACKAGE_STRING "tstat 3.2.0"
| #define PACKAGE_BUGREPORT "mellia@polito.it, munafo@polito.it"
| #define PACKAGE_URL ""
| #define PACKAGE "tstat"
| #define VERSION "3.2.0"
| #define VERSION_MAJOR 3
| #define VERSION_MINOR 2
| #define VERSION_BUGFIX 0
| #define VERSION_DATE "Thu Nov 29 18:35:05 CET 2018"
| #define VERSION_FLAVOR "Krakatoa"
| /* end confdefs.h.  */
| #include <ac_nonexistent.h>
configure:8198: result: gcc -E
configure:8218: gcc -E  conftest.c
configure:8218: $? = 0
configure:8232: gcc -E  conftest.c
conftest.c:16:28: fatal error: ac_nonexistent.h: No such file or directory
compilation terminated.
configure:8232: $? = 1
configure: failed program was:
| /* confdefs.h */
| #define PACKAGE_NAME "tstat"
| #define PACKAGE_TARNAME "tstat"
| #define PACKAGE_VERSION "3.2.0"
| #define PACKAGE_STRING "tstat 3.2.0"
| #define PACKAGE_BUGREPORT "mellia@polito.it, munafo@polito.it"
| #define PACKAGE_URL ""
| #define PACKAGE "tstat"
| #define VERSION "3.2.0"
| #define VERSION_MAJOR 3
| #define VERSION_MINOR 2
| #define VERSION_BUGFIX 0
| #define VERSION_DATE "Thu Nov 29 18:35:05 CET 2018"
| #define VERSION_FLAVOR "Krakatoa"
| /* end confdefs.h.  */
| #include <ac_nonexistent.h>
configure:8261: checking for ANSI C header files
configure:8281: gcc -c -g -O2  conftest.c >&5
configure:8281: $? = 0
configure:8354: gcc -o conftest -g -O2   conftest.c  >&5
configure:8354: $? = 0
configure:8354: ./conftest
configure:8354: $? = 0
configure:8365: result: yes
configure:8378: checking for sys/types.h
configure:8378: gcc -c -g -O2  conftest.c >&5
configure:8378: $? = 0
configure:8378: result: yes
configure:8378: checking for sys/stat.h
configure:8378: gcc -c -g -O2  conftest.c >&5
configure:8378: $? = 0
configure:8378: result: yes
configure:8378: checking for stdlib.h
configure:8378: gcc -c -g -O2  conftest.c >&5
configure:8378: $? = 0
configure:8378: result: yes
configure:8378: checking for string.h
configure:8378: gcc -c -g -O2  conftest.c >&5
configure:8378: $? = 0
configure:8378: result: yes
configure:8378: checking for memory.h
configure:8378: gcc -c -g -O2  conftest.c >&5
configure:8378: $? = 0
configure:8378: result: yes
configure:8378: checking for strings.h
configure:8378: gcc -c -g -O2  conftest.c >&5
configure:8378: $? = 0
configure:8378: result: yes
configure:8378: checking for inttypes.h
configure:8378: gcc -c -g -O2  conftest.c >&5
configure:8378: $? = 0
configure:8378: result: yes
configure:8378: checking for stdint.h
configure:8378: gcc -c -g -O2  conftest.c >&5
configure:8378: $? = 0
configure:8378: result: yes
configure:8378: checking for unistd.h
configure:8378: gcc -c -g -O2  conftest.c >&5
configure:8378: $? = 0
configure:8378: result: yes
configure:8392: checking for dlfcn.h
configure:8392: gcc -c -g -O2  conftest.c >&5
configure:8392: $? = 0
configure:8392: result: yes
configure:8659: checking for objdir
configure:8674: result: .libs
configure:8934: checking if gcc supports -fno-rtti -fno-exceptions
configure:8952: gcc -c -g -O2  -fno-rtti -fno-exceptions conftest.c >&5
cc1: warning: command line option '-fno-rtti' is valid for C++/ObjC++ but not for C
configure:8956: $? = 0
configure:8969: result: no
configure:9327: checking for gcc option to produce PIC
configure:9334: result: -fPIC -DPIC
configure:9342: checking if gcc PIC flag -fPIC -DPIC works
configure:9360: gcc -c -g -O2  -fPIC -DPIC -DPIC conftest.c >&5
configure:9364: $? = 0
configure:9377: result: yes
configure:9406: checking if gcc static flag -static works
configure:9434: result: yes
configure:9449: checking if gcc supports -c -o file.o
configure:9470: gcc -c -g -O2  -o out/conftest2.o conftest.c >&5
configure:9474: $? = 0
configure:9496: result: yes
configure:9504: checking if gcc supports -c -o file.o
configure:9551: result: yes
configure:9584: checking whether the gcc linker (/usr/bin/ld -m elf_x86_64) supports shared libraries
configure:10847: result: yes
configure:10884: checking whether -lc should be explicitly linked in
configure:10892: gcc -c -g -O2  conftest.c >&5
configure:10895: $? = 0
configure:10910: gcc -shared  -fPIC -DPIC conftest.o  -v -Wl,-soname -Wl,conftest -o conftest 2\>\&1 \| /bin/grep  -lc  \>/dev/null 2\>\&1
configure:10913: $? = 0
configure:10927: result: no
configure:11087: checking dynamic linker characteristics
configure:11668: gcc -o conftest -g -O2   -Wl,-rpath -Wl,/foo conftest.c  >&5
configure:11668: $? = 0
configure:11917: result: GNU/Linux ld.so
configure:12039: checking how to hardcode library paths into programs
configure:12064: result: immediate
configure:12612: checking whether stripping libraries is possible
configure:12617: result: yes
configure:12652: checking if libtool supports shared libraries
configure:12654: result: yes
configure:12657: checking whether to build shared libraries
configure:12682: result: yes
configure:12685: checking whether to build static libraries
configure:12689: result: yes
configure:12712: checking how to run the C++ preprocessor
configure:12739: g++ -E  conftest.cpp
configure:12739: $? = 0
configure:12753: g++ -E  conftest.cpp
conftest.cpp:28:28: fatal error: ac_nonexistent.h: No such file or directory
compilation terminated.
configure:12753: $? = 1
configure: failed program was:
| /* confdefs.h */
| #define PACKAGE_NAME "tstat"
| #define PACKAGE_TARNAME "tstat"
| #define PACKAGE_VERSION "3.2.0"
| #define PACKAGE_STRING "tstat 3.2.0"
| #define PACKAGE_BUGREPORT "mellia@polito.it, munafo@polito.it"
| #define PACKAGE_URL ""
| #define PACKAGE "tstat"
| #define VERSION "3.2.0"
| #define VERSION_MAJOR 3
| #define VERSION_MINOR 2
| #define VERSION_BUGFIX 0
| #define VERSION_DATE "Thu Nov 29 18:35:05 CET 2018"
| #define VERSION_FLAVOR "Krakatoa"
| #define STDC_HEADERS 1
| #define HAVE_SYS_TYPES_H 1
| #define HAVE_SYS_STAT_H 1
| #define HAVE_STDLIB_H 1
| #define HAVE_STRING_H 1
| #define HAVE_MEMORY_H 1
| #define HAVE_STRINGS_H 1
| #define HAVE_INTTYPES_H 1
| #define HAVE_STDINT_H 1
| #define HAVE_UNISTD_H 1
| #define HAVE_DLFCN_H 1
| #define LT_OBJDIR ".libs/"
| /* end confdefs.h.  */
| #include <ac_nonexistent.h>
configure:12778: result: g++ -E
configure:12798: g++ -E  conftest.cpp
configure:12798: $? = 0
configure:12812: g++ -E  conftest.cpp
conftest.cpp:28:28: fatal error: ac_nonexistent.h: No such file or directory
compilation terminated.
configure:12812: $? = 1
configure: failed program was:
| /* confdefs.h */
| #define PACKAGE_NAME "tstat"
| #define PACKAGE_TARNAME "tstat"
| #define PACKAGE_VERSION "3.2.0"
| #define PACKAGE_STRING "tstat 3.2.0"
| #define PACKAGE_BUGREPORT "mellia@polito.it, munafo@polito.it"
| #define PACKAGE_URL ""
| #define PACKAGE "tstat"
| #define VERSION "3.2.0"
| #define VERSION_MAJOR 3
| #define VERSION_MINOR 2
| #define VERSION_BUGFIX 0
| #define VERSION_DATE "Thu Nov 29 18:35:05 CET 2018"
| #define VERSION_FLAVOR "Krakatoa"
| #define STDC_HEADERS 1
| #define HAVE_SYS_TYPES_H 1
| #define HAVE_SYS_STAT_H 1
| #define HAVE_STDLIB_H 1
| #define HAVE_STRING_H 1
| #define HAVE_MEMORY_H 1
| #define HAVE_STRINGS_H 1
| #define HAVE_INTTYPES_H 1
| #define HAVE_STDINT_H 1
| #define HAVE_UNISTD_H 1
| #define HAVE_DLFCN_H 1
| #define LT_OBJDIR ".libs/"
| /* end confdefs.h.  */
| #include <ac_nonexistent.h>
configure:12974: checking for ld used by g++
configure:13041: result: /usr/bin/ld -m elf_x86_64
configure:13048: checking if the linker (/usr/bin/ld -m elf_x86_64) is GNU ld
configure:13063: result: yes
configure:13118: checking whether the g++ linker (/usr/bin/ld -m elf_x86_64) supports shared libraries
configure:14191: result: yes
configure:14227: g++ -c -g -O2  conftest.cpp >&5
configure:14230: $? = 0
configure:14711: checking for g++ option to produce PIC
configure:14718: result: -fPIC -DPIC
configure:14726: checking if g++ PIC flag -fPIC -DPIC works
configure:14744: g++ -c -g -O2  -fPIC -DPIC -DPIC conftest.cpp >&5
configure:14748: $? = 0
configure:14761: result: yes
configure:14784: checking if g++ static flag -static works
configure:14812: result: yes
configure:14824: checking if g++ supports -c -o file.o
configure:14845: g++ -c -g -O2  -o out/conftest2.o conftest.cpp >&5
configure:14849: $? = 0
configure:14871: result: yes
configure:14876: checking if g++ supports -c -o file.o
configure:14923: result: yes
configure:14953: checking whether the g++ linker (/usr/bin/ld -m elf_x86_64) supports shared libraries
configure:14996: result: yes
configure:15137: checking dynamic linker characteristics
configure:15894: result: GNU/Linux ld.so
configure:15959: checking how to hardcode library paths into programs
configure:15984: result: immediate
configure:16045: checking whether make sets $(MAKE)
configure:16067: result: yes
configure:16083: checking size of unsigned long long int
configure:16088: gcc -o conftest -g -O2   conftest.c  >&5
configure:16088: $? = 0
configure:16088: ./conftest
configure:16088: $? = 0
configure:16102: result: 8
configure:16116: checking size of unsigned long int
configure:16121: gcc -o conftest -g -O2   conftest.c  >&5
configure:16121: $? = 0
configure:16121: ./conftest
configure:16121: $? = 0
configure:16135: result: 8
configure:16149: checking size of unsigned int
configure:16154: gcc -o conftest -g -O2   conftest.c  >&5
configure:16154: $? = 0
configure:16154: ./conftest
configure:16154: $? = 0
configure:16168: result: 4
configure:16182: checking size of unsigned short
configure:16187: gcc -o conftest -g -O2   conftest.c  >&5
configure:16187: $? = 0
configure:16187: ./conftest
configure:16187: $? = 0
configure:16201: result: 2
configure:16222: checking for fpurge
configure:16222: gcc -o conftest -g -O2   conftest.c  >&5
/tmp/cchuahsP.o: In function `main':
/home/doljira/workspace/mdtcp-cong/mdtcp-cong/tstat/conftest.c:66: undefined reference to `fpurge'
collect2: error: ld returned 1 exit status
configure:16222: $? = 1
configure: failed program was:
| /* confdefs.h */
| #define PACKAGE_NAME "tstat"
| #define PACKAGE_TARNAME "tstat"
| #define PACKAGE_VERSION "3.2.0"
| #define PACKAGE_STRING "tstat 3.2.0"
| #define PACKAGE_BUGREPORT "mellia@polito.it, munafo@polito.it"
| #define PACKAGE_URL ""
| #define PACKAGE "tstat"
| #define VERSION "3.2.0"
| #define VERSION_MAJOR 3
| #define VERSION_MINOR 2
| #define VERSION_BUGFIX 0
| #define VERSION_DATE "Thu Nov 29 18:35:05 CET 2018"
| #define VERSION_FLAVOR "Krakatoa"
| #define STDC_HEADERS 1
| #define HAVE_SYS_TYPES_H 1
| #define HAVE_SYS_STAT_H 1
| #define HAVE_STDLIB_H 1
| #define HAVE_STRING_H 1
| #define HAVE_MEMORY_H 1
| #define HAVE_STRINGS_H 1
| #define HAVE_INTTYPES_H 1
| #define HAVE_STDINT_H 1
| #define HAVE_UNISTD_H 1
| #define HAVE_DLFCN_H 1
| #define LT_OBJDIR ".libs/"
| #define SIZEOF_UNSIGNED_LONG_LONG_INT 8
| #define SIZEOF_UNSIGNED_LONG_INT 8
| #define SIZEOF_UNSIGNED_INT 4
| #define SIZEOF_UNSIGNED_SHORT 2
| /* end confdefs.h.  */
| /* Define fpurge to an innocuous variant, in case <limits.h> declares fpurge.
|    For example, HP-UX 11i <limits.h> declares gettimeofday.  */
| #define fpurge innocuous_fpurge
| 
| /* System header to define __stub macros and hopefully few prototypes,
|     which can conflict with char fpurge (); below.
|     Prefer <limits.h> to <assert.h> if __STDC__ is defined, since
|     <limits.h> exists even on freestanding compilers.  */
| 
| #ifdef __STDC__
| # include <limits.h>
| #else
| # include <assert.h>
| #endif
| 
| #undef fpurge
| 
| /* Override any GCC internal prototype to avoid an error.
|    Use char because int might match the return type of a GCC
|    builtin and then its argument prototype would still apply.  */
| #ifdef __cplusplus
| extern "C"
| #endif
| char fpurge ();
| /* The GNU C library defines this for functions which it implements
|     to always fail with ENOSYS.  Some functions are actually named
|     something starting with __ and the normal name is an alias.  */
| #if defined __stub_fpurge || defined __stub___fpurge
| choke me
| #endif
| 
| int
| main ()
| {
| return fpurge ();
|   ;
|   return 0;
| }
configure:16222: result: no
configure:16235: checking for mkstemp
configure:16235: gcc -o conftest -g -O2   conftest.c  >&5
configure:16235: $? = 0
configure:16235: result: yes
configure:16248: checking for inet_pton
configure:16248: gcc -o conftest -g -O2   conftest.c  >&5
configure:16248: $? = 0
configure:16248: result: yes
configure:16267: checking for log in -lm
configure:16292: gcc -o conftest -g -O2   conftest.c -lm   >&5
conftest.c:41:6: warning: conflicting types for built-in function 'log'
 char log ();
      ^
configure:16292: $? = 0
configure:16301: result: yes
configure:16332: checking for pthread_cond_init in -lpthread
configure:16357: gcc -o conftest -g -O2   conftest.c -lpthread  -lm  >&5
configure:16357: $? = 0
configure:16366: result: yes
configure:16473: checking pcap.h usability
configure:16473: gcc -c -g -O2  conftest.c >&5
configure:16473: $? = 0
configure:16473: result: yes
configure:16473: checking pcap.h presence
configure:16473: gcc -E  conftest.c
configure:16473: $? = 0
configure:16473: result: yes
configure:16473: checking for pcap.h
configure:16473: result: yes
configure:16487: checking net/bpf.h usability
configure:16487: gcc -c -g -O2  conftest.c >&5
conftest.c:70:21: fatal error: net/bpf.h: No such file or directory
compilation terminated.
configure:16487: $? = 1
configure: failed program was:
| /* confdefs.h */
| #define PACKAGE_NAME "tstat"
| #define PACKAGE_TARNAME "tstat"
| #define PACKAGE_VERSION "3.2.0"
| #define PACKAGE_STRING "tstat 3.2.0"
| #define PACKAGE_BUGREPORT "mellia@polito.it, munafo@polito.it"
| #define PACKAGE_URL ""
| #define PACKAGE "tstat"
| #define VERSION "3.2.0"
| #define VERSION_MAJOR 3
| #define VERSION_MINOR 2
| #define VERSION_BUGFIX 0
| #define VERSION_DATE "Thu Nov 29 18:35:05 CET 2018"
| #define VERSION_FLAVOR "Krakatoa"
| #define STDC_HEADERS 1
| #define HAVE_SYS_TYPES_H 1
| #define HAVE_SYS_STAT_H 1
| #define HAVE_STDLIB_H 1
| #define HAVE_STRING_H 1
| #define HAVE_MEMORY_H 1
| #define HAVE_STRINGS_H 1
| #define HAVE_INTTYPES_H 1
| #define HAVE_STDINT_H 1
| #define HAVE_UNISTD_H 1
| #define HAVE_DLFCN_H 1
| #define LT_OBJDIR ".libs/"
| #define SIZEOF_UNSIGNED_LONG_LONG_INT 8
| #define SIZEOF_UNSIGNED_LONG_INT 8
| #define SIZEOF_UNSIGNED_INT 4
| #define SIZEOF_UNSIGNED_SHORT 2
| #define HAVE_MKSTEMP 1
| #define HAVE_INET_PTON 1
| #define HAVE_LIBM 1
| #define HAVE_LIBPTHREAD 1
| #define HAVE_PCAP_H 1
| /* end confdefs.h.  */
| #include <stdio.h>
| #ifdef HAVE_SYS_TYPES_H
| # include <sys/types.h>
| #endif
| #ifdef HAVE_SYS_STAT_H
| # include <sys/stat.h>
| #endif
| #ifdef STDC_HEADERS
| # include <stdlib.h>
| # include <stddef.h>
| #else
| # ifdef HAVE_STDLIB_H
| #  include <stdlib.h>
| # endif
| #endif
| #ifdef HAVE_STRING_H
| # if !defined STDC_HEADERS && defined HAVE_MEMORY_H
| #  include <memory.h>
| # endif
| # include <string.h>
| #endif
| #ifdef HAVE_STRINGS_H
| # include <strings.h>
| #endif
| #ifdef HAVE_INTTYPES_H
| # include <inttypes.h>
| #endif
| #ifdef HAVE_STDINT_H
| # include <stdint.h>
| #endif
| #ifdef HAVE_UNISTD_H
| # include <unistd.h>
| #endif
| #include <net/bpf.h>
configure:16487: result: no
configure:16487: checking net/bpf.h presence
configure:16487: gcc -E  conftest.c
conftest.c:37:21: fatal error: net/bpf.h: No such file or directory
compilation terminated.
configure:16487: $? = 1
configure: failed program was:
| /* confdefs.h */
| #define PACKAGE_NAME "tstat"
| #define PACKAGE_TARNAME "tstat"
| #define PACKAGE_VERSION "3.2.0"
| #define PACKAGE_STRING "tstat 3.2.0"
| #define PACKAGE_BUGREPORT "mellia@polito.it, munafo@polito.it"
| #define PACKAGE_URL ""
| #define PACKAGE "tstat"
| #define VERSION "3.2.0"
| #define VERSION_MAJOR 3
| #define VERSION_MINOR 2
| #define VERSION_BUGFIX 0
| #define VERSION_DATE "Thu Nov 29 18:35:05 CET 2018"
| #define VERSION_FLAVOR "Krakatoa"
| #define STDC_HEADERS 1
| #define HAVE_SYS_TYPES_H 1
| #define HAVE_SYS_STAT_H 1
| #define HAVE_STDLIB_H 1
| #define HAVE_STRING_H 1
| #define HAVE_MEMORY_H 1
| #define HAVE_STRINGS_H 1
| #define HAVE_INTTYPES_H 1
| #define HAVE_STDINT_H 1
| #define HAVE_UNISTD_H 1
| #define HAVE_DLFCN_H 1
| #define LT_OBJDIR ".libs/"
| #define SIZEOF_UNSIGNED_LONG_LONG_INT 8
| #define SIZEOF_UNSIGNED_LONG_INT 8
| #define SIZEOF_UNSIGNED_INT 4
| #define SIZEOF_UNSIGNED_SHORT 2
| #define HAVE_MKSTEMP 1
| #define HAVE_INET_PTON 1
| #define HAVE_LIBM 1
| #define HAVE_LIBPTHREAD 1
| #define HAVE_PCAP_H 1
| /* end confdefs.h.  */
| #include <net/bpf.h>
configure:16487: result: no
configure:16487: checking for net/bpf.h
configure:16487: result: no
configure:16499: checking pcap-bpf.h usability
configure:16499: gcc -c -g -O2  conftest.c >&5
configure:16499: $? = 0
configure:16499: result: yes
configure:16499: checking pcap-bpf.h presence
configure:16499: gcc -E  conftest.c
configure:16499: $? = 0
configure:16499: result: yes
configure:16499: checking for pcap-bpf.h
configure:16499: result: yes
configure:16510: checking for pcap_open_live in -lpcap
configure:16535: gcc -o conftest -g -O2   conftest.c -lpcap  -lpthread -lm  >&5
configure:16535: $? = 0
configure:16544: result: yes
configure:16604: checking for rrd_init in -lrrd
configure:16629: gcc -o conftest -g -O2   conftest.c -lrrd  -lpcap -lpthread -lm  >&5
/usr/bin/ld: cannot find -lrrd
collect2: error: ld returned 1 exit status
configure:16629: $? = 1
configure: failed program was:
| /* confdefs.h */
| #define PACKAGE_NAME "tstat"
| #define PACKAGE_TARNAME "tstat"
| #define PACKAGE_VERSION "3.2.0"
| #define PACKAGE_STRING "tstat 3.2.0"
| #define PACKAGE_BUGREPORT "mellia@polito.it, munafo@polito.it"
| #define PACKAGE_URL ""
| #define PACKAGE "tstat"
| #define VERSION "3.2.0"
| #define VERSION_MAJOR 3
| #define VERSION_MINOR 2
| #define VERSION_BUGFIX 0
| #define VERSION_DATE "Thu Nov 29 18:35:05 CET 2018"
| #define VERSION_FLAVOR "Krakatoa"
| #define STDC_HEADERS 1
| #define HAVE_SYS_TYPES_H 1
| #define HAVE_SYS_STAT_H 1
| #define HAVE_STDLIB_H 1
| #define HAVE_STRING_H 1
| #define HAVE_MEMORY_H 1
| #define HAVE_STRINGS_H 1
| #define HAVE_INTTYPES_H 1
| #define HAVE_STDINT_H 1
| #define HAVE_UNISTD_H 1
| #define HAVE_DLFCN_H 1
| #define LT_OBJDIR ".libs/"
| #define SIZEOF_UNSIGNED_LONG_LONG_INT 8
| #define SIZEOF_UNSIGNED_LONG_INT 8
| #define SIZEOF_UNSIGNED_INT 4
| #define SIZEOF_UNSIGNED_SHORT 2
| #define HAVE_MKSTEMP 1
| #define HAVE_INET_PTON 1
| #define HAVE_LIBM 1
| #define HAVE_LIBPTHREAD 1
| #define HAVE_PCAP_H 1
| #define HAVE_PCAP_BPF_H 1
| #define HAVE_LIBPCAP 1
| /* end confdefs.h.  */
| 
| /* Override any GCC internal prototype to avoid an error.
|    Use char because int might match the return type of a GCC
|    builtin and then its argument prototype would still apply.  */
| #ifdef __cplusplus
| extern "C"
| #endif
| char rrd_init ();
| int
| main ()
| {
| return rrd_init ();
|   ;
|   return 0;
| }
configure:16638: result: no
configure:16965: checking that generated files are newer than configure
configure:16971: result: done
configure:17018: creating ./config.status

## ---------------------- ##
## Running config.status. ##
## ---------------------- ##

This file was extended by tstat config.status 3.2.0, which was
generated by GNU Autoconf 2.69.  Invocation command line was

  CONFIG_FILES    = 
  CONFIG_HEADERS  = 
  CONFIG_LINKS    = 
  CONFIG_COMMANDS = 
  $ ./config.status 

on mdtcp-serv

config.status:1184: creating Makefile
config.status:1184: creating tstat/Makefile
config.status:1184: creating libtstat/Makefile
config.status:1184: creating libtstat/libtstat.pc
config.status:1184: creating libtstat-demo/Makefile
config.status:1184: creating README
config.status:1184: creating NEWS
config.status:1184: creating config.h
config.status:1365: config.h is unchanged
config.status:1413: executing depfiles commands
config.status:1413: executing libtool commands

## ---------------- ##
## Cache variables. ##
## ---------------- ##

ac_cv_build=x86_64-pc-linux-gnu
ac_cv_c_compiler_gnu=yes
ac_cv_cxx_compiler_gnu=yes
ac_cv_env_CCC_set=
ac_cv_env_CCC_value=
ac_cv_env_CC_set=
ac_cv_env_CC_value=
ac_cv_env_CFLAGS_set=
ac_cv_env_CFLAGS_value=
ac_cv_env_CPPFLAGS_set=
ac_cv_env_CPPFLAGS_value=
ac_cv_env_CPP_set=
ac_cv_env_CPP_value=
ac_cv_env_CXXCPP_set=
ac_cv_env_CXXCPP_value=
ac_cv_env_CXXFLAGS_set=
ac_cv_env_CXXFLAGS_value=
ac_cv_env_CXX_set=
ac_cv_env_CXX_value=
ac_cv_env_LDFLAGS_set=
ac_cv_env_LDFLAGS_value=
ac_cv_env_LIBS_set=
ac_cv_env_LIBS_value=
ac_cv_env_LT_SYS_LIBRARY_PATH_set=
ac_cv_env_LT_SYS_LIBRARY_PATH_value=
ac_cv_env_build_alias_set=
ac_cv_env_build_alias_value=
ac_cv_env_host_alias_set=
ac_cv_env_host_alias_value=
ac_cv_env_target_alias_set=
ac_cv_env_target_alias_value=
ac_cv_func_fpurge=no
ac_cv_func_inet_pton=yes
ac_cv_func_mkstemp=yes
ac_cv_header_dlfcn_h=yes
ac_cv_header_inttypes_h=yes
ac_cv_header_memory_h=yes
ac_cv_header_net_bpf_h=no
ac_cv_header_pcap_bpf_h=yes
ac_cv_header_pcap_h=yes
ac_cv_header_stdc=yes
ac_cv_header_stdint_h=yes
ac_cv_header_stdlib_h=yes
ac_cv_header_string_h=yes
ac_cv_header_strings_h=yes
ac_cv_header_sys_stat_h=yes
ac_cv_header_sys_types_h=yes
ac_cv_header_unistd_h=yes
ac_cv_host=x86_64-pc-linux-gnu
ac_cv_lib_m_log=yes
ac_cv_lib_pcap_pcap_open_live=yes
ac_cv_lib_pthread_pthread_cond_init=yes
ac_cv_lib_rrd_rrd_init=no
ac_cv_objext=o
ac_cv_path_EGREP='/bin/grep -E'
ac_cv_path_FGREP='/bin/grep -F'
ac_cv_path_GREP=/bin/grep
ac_cv_path_SED=/bin/sed
ac_cv_path_install='/usr/bin/install -c'
ac_cv_path_lt_DD=/bin/dd
ac_cv_path_mkdir=/bin/mkdir
ac_cv_prog_AWK=gawk
ac_cv_prog_CPP='gcc -E'
ac_cv_prog_CXXCPP='g++ -E'
ac_cv_prog_ac_ct_AR=ar
ac_cv_prog_ac_ct_CC=gcc
ac_cv_prog_ac_ct_CXX=g++
ac_cv_prog_ac_ct_MANIFEST_TOOL=mt
ac_cv_prog_ac_ct_OBJDUMP=objdump
ac_cv_prog_ac_ct_RANLIB=ranlib
ac_cv_prog_ac_ct_STRIP=strip
ac_cv_prog_cc_c89=
ac_cv_prog_cc_g=yes
ac_cv_prog_cxx_g=yes
ac_cv_prog_make_make_set=yes
ac_cv_sizeof_unsigned_int=4
ac_cv_sizeof_unsigned_long_int=8
ac_cv_sizeof_unsigned_long_long_int=8
ac_cv_sizeof_unsigned_short=2
am_cv_CC_dependencies_compiler_type=gcc3
am_cv_CXX_dependencies_compiler_type=gcc3
am_cv_make_support_nested_variables=yes
am_cv_prog_cc_c_o=yes
lt_cv_ar_at_file=@
lt_cv_archive_cmds_need_lc=no
lt_cv_deplibs_check_method=pass_all
lt_cv_file_magic_cmd='$MAGIC_CMD'
lt_cv_file_magic_test_file=
lt_cv_ld_reload_flag=-r
lt_cv_nm_interface='BSD nm'
lt_cv_objdir=.libs
lt_cv_path_LD=/usr/bin/ld
lt_cv_path_LDCXX='/usr/bin/ld -m elf_x86_64'
lt_cv_path_NM='/usr/bin/nm -B'
lt_cv_path_mainfest_tool=no
lt_cv_prog_compiler_c_o=yes
lt_cv_prog_compiler_c_o_CXX=yes
lt_cv_prog_compiler_pic='-fPIC -DPIC'
lt_cv_prog_compiler_pic_CXX='-fPIC -DPIC'
lt_cv_prog_compiler_pic_works=yes
lt_cv_prog_compiler_pic_works_CXX=yes
lt_cv_prog_compiler_rtti_exceptions=no
lt_cv_prog_compiler_static_works=yes
lt_cv_prog_compiler_static_works_CXX=yes
lt_cv_prog_gnu_ld=yes
lt_cv_prog_gnu_ldcxx=yes
lt_cv_sharedlib_from_linklib_cmd='printf %s\n'
lt_cv_shlibpath_overrides_runpath=no
lt_cv_sys_global_symbol_pipe='sed -n -e '\''s/^.*[	 ]\([ABCDGIRSTW][ABCDGIRSTW]*\)[	 ][	 ]*\([_A-Za-z][_A-Za-z0-9]*\)$/\1 \2 \2/p'\'' | sed '\''/ __gnu_lto/d'\'''
lt_cv_sys_global_symbol_to_c_name_address='sed -n -e '\''s/^: \(.*\) .*$/  {"\1", (void *) 0},/p'\'' -e '\''s/^[ABCDGIRSTW][ABCDGIRSTW]* .* \(.*\)$/  {"\1", (void *) \&\1},/p'\'''
lt_cv_sys_global_symbol_to_c_name_address_lib_prefix='sed -n -e '\''s/^: \(.*\) .*$/  {"\1", (void *) 0},/p'\'' -e '\''s/^[ABCDGIRSTW][ABCDGIRSTW]* .* \(lib.*\)$/  {"\1", (void *) \&\1},/p'\'' -e '\''s/^[ABCDGIRSTW][ABCDGIRSTW]* .* \(.*\)$/  {"lib\1", (void *) \&\1},/p'\'''
lt_cv_sys_global_symbol_to_cdecl='sed -n -e '\''s/^T .* \(.*\)$/extern int \1();/p'\'' -e '\''s/^[ABCDGIRSTW][ABCDGIRSTW]* .* \(.*\)$/extern char \1;/p'\'''
lt_cv_sys_global_symbol_to_import=
lt_cv_sys_max_cmd_len=1572864
lt_cv_to_host_file_cmd=func_convert_file_noop
lt_cv_to_tool_file_cmd=func_convert_file_noop
lt_cv_truncate_bin='/bin/dd bs=4096 count=1'

## ----------------- ##
## Output variables. ##
## ----------------- ##

ACLOCAL='${SHELL} /home/doljira/workspace/mdtcp-cong/mdtcp-cong/tstat/config/missing aclocal-1.15'
AMDEPBACKSLASH='\'
AMDEP_FALSE='#'
AMDEP_TRUE=''
AMTAR='$${TAR-tar}'
AM_BACKSLASH='\'
AM_DEFAULT_V='$(AM_DEFAULT_VERBOSITY)'
AM_DEFAULT_VERBOSITY='1'
AM_V='$(V)'
ANDROID_FALSE=''
ANDROID_TRUE='#'
AR='ar'
AUTOCONF='${SHELL} /home/doljira/workspace/mdtcp-cong/mdtcp-cong/tstat/config/missing autoconf'
AUTOHEADER='${SHELL} /home/doljira/workspace/mdtcp-cong/mdtcp-cong/tstat/config/missing autoheader'
AUTOMAKE='${SHELL} /home/doljira/workspace/mdtcp-cong/mdtcp-cong/tstat/config/missing automake-1.15'
AWK='gawk'
CC='gcc'
CCDEPMODE='depmode=gcc3'
CFLAGS='-g -O2'
CPP='gcc -E'
CPPFLAGS=''
CXX='g++'
CXXCPP='g++ -E'
CXXDEPMODE='depmode=gcc3'
CXXFLAGS='-g -O2'
CYGPATH_W='echo'
DEFS='-DHAVE_CONFIG_H'
DEPDIR='.deps'
DLLTOOL='false'
DSYMUTIL=''
DUMPBIN=''
ECHO_C=''
ECHO_N='-n'
ECHO_T=''
EGREP='/bin/grep -E'
EXEEXT=''
FGREP='/bin/grep -F'
GREP='/bin/grep'
INSTALL_DATA='${INSTALL} -m 644'
INSTALL_PROGRAM='${INSTALL}'
INSTALL_SCRIPT='${INSTALL}'
INSTALL_STRIP_PROGRAM='$(install_sh) -c -s'
LD='/usr/bin/ld -m elf_x86_64'
LDFLAGS=''
LDNS_FALSE=''
LDNS_TRUE='#'
LIBOBJS=''
LIBS='-lpcap -lpthread -lm '
LIBTOOL='$(SHELL) $(top_builddir)/libtool'
LIBTSTAT_FALSE=''
LIBTSTAT_TRUE='#'
LIBTSTAT_VERSION='1.0.0'
LIPO=''
LN_S='ln -s'
LTLIBOBJS=''
LT_SYS_LIBRARY_PATH=''
MAKEINFO='${SHELL} /home/doljira/workspace/mdtcp-cong/mdtcp-cong/tstat/config/missing makeinfo'
MANIFEST_TOOL=':'
MKDIR_P='/bin/mkdir -p'
NM='/usr/bin/nm -B'
NMEDIT=''
OBJDUMP='objdump'
OBJEXT='o'
OTOOL64=''
OTOOL=''
PACKAGE='tstat'
PACKAGE_BUGREPORT='mellia@polito.it, munafo@polito.it'
PACKAGE_NAME='tstat'
PACKAGE_STRING='tstat 3.2.0'
PACKAGE_TARNAME='tstat'
PACKAGE_URL=''
PACKAGE_VERSION='3.2.0'
PATH_SEPARATOR=':'
PCAP_LDLINK='-lpcap'
RANLIB='ranlib'
RRDTHREAD_FALSE=''
RRDTHREAD_TRUE='#'
SED='/bin/sed'
SET_MAKE=''
SHELL='/bin/bash'
STRIP='strip'
VERSION='3.2.0'
V_CCOPT=''
V_DEFINES=' -D_BSD_SOURCE'
V_INCLS=''
ZLIB_FALSE=''
ZLIB_TRUE='#'
ac_ct_AR='ar'
ac_ct_CC='gcc'
ac_ct_CXX='g++'
ac_ct_DUMPBIN=''
am__EXEEXT_FALSE=''
am__EXEEXT_TRUE='#'
am__fastdepCC_FALSE='#'
am__fastdepCC_TRUE=''
am__fastdepCXX_FALSE='#'
am__fastdepCXX_TRUE=''
am__include='include'
am__isrc=''
am__leading_dot='.'
am__nodep='_no'
am__quote=''
am__tar='$${TAR-tar} chof - "$$tardir"'
am__untar='$${TAR-tar} xf -'
bindir='${exec_prefix}/bin'
build='x86_64-pc-linux-gnu'
build_alias=''
build_cpu='x86_64'
build_os='linux-gnu'
build_vendor='pc'
datadir='${datarootdir}'
datarootdir='${prefix}/share'
docdir='${datarootdir}/doc/${PACKAGE_TARNAME}'
dvidir='${docdir}'
exec_prefix='${prefix}'
host='x86_64-pc-linux-gnu'
host_alias=''
host_cpu='x86_64'
host_os='linux-gnu'
host_vendor='pc'
htmldir='${docdir}'
includedir='${prefix}/include'
infodir='${datarootdir}/info'
install_sh='${SHELL} /home/doljira/workspace/mdtcp-cong/mdtcp-cong/tstat/config/install-sh'
libdir='${exec_prefix}/lib'
libexecdir='${exec_prefix}/libexec'
localedir='${datarootdir}/locale'
localstatedir='${prefix}/var'
mandir='${datarootdir}/man'
mkdir_p='$(MKDIR_P)'
oldincludedir='/usr/include'
pdfdir='${docdir}'
prefix='/usr/local'
program_transform_name='s,x,x,'
psdir='${docdir}'
runstatedir='${localstatedir}/run'
sbindir='${exec_prefix}/sbin'
sharedstatedir='${prefix}/com'
sysconfdir='${prefix}/etc'
target_alias=''

## ----------- ##
## confdefs.h. ##
## ----------- ##

/* confdefs.h */
#define PACKAGE_NAME "tstat"
#define PACKAGE_TARNAME "tstat"
#define PACKAGE_VERSION "3.2.0"
#define PACKAGE_STRING "tstat 3.2.0"
#define PACKAGE_BUGREPORT "mellia@polito.it, munafo@polito.it"
#define PACKAGE_URL ""
#define PACKAGE "tstat"
#define VERSION "3.2.0"
#define VERSION_MAJOR 3
#define VERSION_MINOR 2
#define VERSION_BUGFIX 0
#define VERSION_DATE "Thu Nov 29 18:35:05 CET 2018"
#define VERSION_FLAVOR "Krakatoa"
#define STDC_HEADERS 1
#define HAVE_SYS_TYPES_H 1
#define HAVE_SYS_STAT_H 1
#define HAVE_STDLIB_H 1
#define HAVE_STRING_H 1
#define HAVE_MEMORY_H 1
#define HAVE_STRINGS_H 1
#define HAVE_INTTYPES_H 1
#define HAVE_STDINT_H 1
#define HAVE_UNISTD_H 1
#define HAVE_DLFCN_H 1
#define LT_OBJDIR ".libs/"
#define SIZEOF_UNSIGNED_LONG_LONG_INT 8
#define SIZEOF_UNSIGNED_LONG_INT 8
#define SIZEOF_UNSIGNED_INT 4
#define SIZEOF_UNSIGNED_SHORT 2
#define HAVE_MKSTEMP 1
#define HAVE_INET_PTON 1
#define HAVE_LIBM 1
#define HAVE_LIBPTHREAD 1
#define HAVE_PCAP_H 1
#define HAVE_PCAP_BPF_H 1
#define HAVE_LIBPCAP 1

configure: exit 0
